This file contains any messages produced by compilers while
running configure, to aid debugging if configure makes a mistake.

It was created by tesseract configure 3.04, which was
generated by GNU Autoconf 2.69.  Invocation command line was

  $ ./configure 

## --------- ##
## Platform. ##
## --------- ##

hostname = mylappy
uname -m = x86_64
uname -r = 3.13.0-44-generic
uname -s = Linux
uname -v = #73-Ubuntu SMP Tue Dec 16 00:22:43 UTC 2014

/usr/bin/uname -p = unknown
/bin/uname -X     = unknown

/bin/arch              = unknown
/usr/bin/arch -k       = unknown
/usr/convex/getsysinfo = unknown
/usr/bin/hostinfo      = unknown
/bin/machine           = unknown
/usr/bin/oslevel       = unknown
/bin/universe          = unknown

PATH: /usr/local/sbin
PATH: /usr/local/bin
PATH: /usr/sbin
PATH: /usr/bin
PATH: /sbin
PATH: /bin
PATH: /usr/games
PATH: /usr/local/games


## ----------- ##
## Core tests. ##
## ----------- ##

configure:2684: checking for a BSD-compatible install
configure:2752: result: /usr/bin/install -c
configure:2763: checking whether build environment is sane
configure:2818: result: yes
configure:2969: checking for a thread-safe mkdir -p
configure:3008: result: /bin/mkdir -p
configure:3015: checking for gawk
configure:3045: result: no
configure:3015: checking for mawk
configure:3031: found /usr/bin/mawk
configure:3042: result: mawk
configure:3053: checking whether make sets $(MAKE)
configure:3075: result: yes
configure:3104: checking whether make supports nested variables
configure:3121: result: yes
configure:3249: checking whether to enable maintainer-specific portions of Makefiles
configure:3258: result: no
configure:3309: checking build system type
configure:3323: result: x86_64-unknown-linux-gnu
configure:3343: checking host system type
configure:3356: result: x86_64-unknown-linux-gnu
configure:3485: checking --enable-graphics argument
configure:3494: result: yes
configure:3511: checking --enable-embedded argument
configure:3520: result: no
configure:3536: checking --enable-opencl argument
configure:3545: result: no
configure:3567: checking --enable-visibility argument
configure:3576: result: no
configure:3588: checking --enable-multiple-libraries argument
configure:3597: result: no
configure:3609: checking whether to use tessdata-prefix
configure:3618: result: yes
configure:3630: checking whether to enable debugging
configure:3639: result: no
configure:3738: checking for g++
configure:3754: found /usr/bin/g++
configure:3765: result: g++
configure:3792: checking for C++ compiler version
configure:3801: g++ --version >&5
g++ (Ubuntu 4.8.2-19ubuntu1) 4.8.2
Copyright (C) 2013 Free Software Foundation, Inc.
This is free software; see the source for copying conditions.  There is NO
warranty; not even for MERCHANTABILITY or FITNESS FOR A PARTICULAR PURPOSE.

configure:3812: $? = 0
configure:3801: g++ -v >&5
Using built-in specs.
COLLECT_GCC=g++
COLLECT_LTO_WRAPPER=/usr/lib/gcc/x86_64-linux-gnu/4.8/lto-wrapper
Target: x86_64-linux-gnu
Configured with: ../src/configure -v --with-pkgversion='Ubuntu 4.8.2-19ubuntu1' --with-bugurl=file:///usr/share/doc/gcc-4.8/README.Bugs --enable-languages=c,c++,java,go,d,fortran,objc,obj-c++ --prefix=/usr --program-suffix=-4.8 --enable-shared --enable-linker-build-id --libexecdir=/usr/lib --without-included-gettext --enable-threads=posix --with-gxx-include-dir=/usr/include/c++/4.8 --libdir=/usr/lib --enable-nls --with-sysroot=/ --enable-clocale=gnu --enable-libstdcxx-debug --enable-libstdcxx-time=yes --enable-gnu-unique-object --disable-libmudflap --enable-plugin --with-system-zlib --disable-browser-plugin --enable-java-awt=gtk --enable-gtk-cairo --with-java-home=/usr/lib/jvm/java-1.5.0-gcj-4.8-amd64/jre --enable-java-home --with-jvm-root-dir=/usr/lib/jvm/java-1.5.0-gcj-4.8-amd64 --with-jvm-jar-dir=/usr/lib/jvm-exports/java-1.5.0-gcj-4.8-amd64 --with-arch-directory=amd64 --with-ecj-jar=/usr/share/java/eclipse-ecj.jar --enable-objc-gc --enable-multiarch --disable-werror --with-arch-32=i686 --with-abi=m64 --with-multilib-list=m32,m64,mx32 --with-tune=generic --enable-checking=release --build=x86_64-linux-gnu --host=x86_64-linux-gnu --target=x86_64-linux-gnu
Thread model: posix
gcc version 4.8.2 (Ubuntu 4.8.2-19ubuntu1) 
configure:3812: $? = 0
configure:3801: g++ -V >&5
g++: error: unrecognized command line option '-V'
g++: fatal error: no input files
compilation terminated.
configure:3812: $? = 4
configure:3801: g++ -qversion >&5
g++: error: unrecognized command line option '-qversion'
g++: fatal error: no input files
compilation terminated.
configure:3812: $? = 4
configure:3832: checking whether the C++ compiler works
configure:3854: g++    conftest.cpp  >&5
configure:3858: $? = 0
configure:3906: result: yes
configure:3909: checking for C++ compiler default output file name
configure:3911: result: a.out
configure:3917: checking for suffix of executables
configure:3924: g++ -o conftest    conftest.cpp  >&5
configure:3928: $? = 0
configure:3950: result: 
configure:3972: checking whether we are cross compiling
configure:3980: g++ -o conftest    conftest.cpp  >&5
configure:3984: $? = 0
configure:3991: ./conftest
configure:3995: $? = 0
configure:4010: result: no
configure:4015: checking for suffix of object files
configure:4037: g++ -c   conftest.cpp >&5
configure:4041: $? = 0
configure:4062: result: o
configure:4066: checking whether we are using the GNU C++ compiler
configure:4085: g++ -c   conftest.cpp >&5
configure:4085: $? = 0
configure:4094: result: yes
configure:4103: checking whether g++ accepts -g
configure:4123: g++ -c -g  conftest.cpp >&5
configure:4123: $? = 0
configure:4164: result: yes
configure:4198: checking for style of include used by make
configure:4226: result: GNU
configure:4252: checking dependency style of g++
configure:4363: result: gcc3
configure:4425: checking how to print strings
configure:4452: result: printf
configure:4521: checking for gcc
configure:4537: found /usr/bin/gcc
configure:4548: result: gcc
configure:4777: checking for C compiler version
configure:4786: gcc --version >&5
gcc (Ubuntu 4.8.2-19ubuntu1) 4.8.2
Copyright (C) 2013 Free Software Foundation, Inc.
This is free software; see the source for copying conditions.  There is NO
warranty; not even for MERCHANTABILITY or FITNESS FOR A PARTICULAR PURPOSE.

configure:4797: $? = 0
configure:4786: gcc -v >&5
Using built-in specs.
COLLECT_GCC=gcc
COLLECT_LTO_WRAPPER=/usr/lib/gcc/x86_64-linux-gnu/4.8/lto-wrapper
Target: x86_64-linux-gnu
Configured with: ../src/configure -v --with-pkgversion='Ubuntu 4.8.2-19ubuntu1' --with-bugurl=file:///usr/share/doc/gcc-4.8/README.Bugs --enable-languages=c,c++,java,go,d,fortran,objc,obj-c++ --prefix=/usr --program-suffix=-4.8 --enable-shared --enable-linker-build-id --libexecdir=/usr/lib --without-included-gettext --enable-threads=posix --with-gxx-include-dir=/usr/include/c++/4.8 --libdir=/usr/lib --enable-nls --with-sysroot=/ --enable-clocale=gnu --enable-libstdcxx-debug --enable-libstdcxx-time=yes --enable-gnu-unique-object --disable-libmudflap --enable-plugin --with-system-zlib --disable-browser-plugin --enable-java-awt=gtk --enable-gtk-cairo --with-java-home=/usr/lib/jvm/java-1.5.0-gcj-4.8-amd64/jre --enable-java-home --with-jvm-root-dir=/usr/lib/jvm/java-1.5.0-gcj-4.8-amd64 --with-jvm-jar-dir=/usr/lib/jvm-exports/java-1.5.0-gcj-4.8-amd64 --with-arch-directory=amd64 --with-ecj-jar=/usr/share/java/eclipse-ecj.jar --enable-objc-gc --enable-multiarch --disable-werror --with-arch-32=i686 --with-abi=m64 --with-multilib-list=m32,m64,mx32 --with-tune=generic --enable-checking=release --build=x86_64-linux-gnu --host=x86_64-linux-gnu --target=x86_64-linux-gnu
Thread model: posix
gcc version 4.8.2 (Ubuntu 4.8.2-19ubuntu1) 
configure:4797: $? = 0
configure:4786: gcc -V >&5
gcc: error: unrecognized command line option '-V'
gcc: fatal error: no input files
compilation terminated.
configure:4797: $? = 4
configure:4786: gcc -qversion >&5
gcc: error: unrecognized command line option '-qversion'
gcc: fatal error: no input files
compilation terminated.
configure:4797: $? = 4
configure:4801: checking whether we are using the GNU C compiler
configure:4820: gcc -c   conftest.c >&5
configure:4820: $? = 0
configure:4829: result: yes
configure:4838: checking whether gcc accepts -g
configure:4858: gcc -c -g  conftest.c >&5
configure:4858: $? = 0
configure:4899: result: yes
configure:4916: checking for gcc option to accept ISO C89
configure:4979: gcc  -c -g -O2  conftest.c >&5
configure:4979: $? = 0
configure:4992: result: none needed
configure:5017: checking whether gcc understands -c and -o together
configure:5039: gcc -c conftest.c -o conftest2.o
configure:5042: $? = 0
configure:5039: gcc -c conftest.c -o conftest2.o
configure:5042: $? = 0
configure:5054: result: yes
configure:5073: checking dependency style of gcc
configure:5184: result: gcc3
configure:5199: checking for a sed that does not truncate output
configure:5263: result: /bin/sed
configure:5281: checking for grep that handles long lines and -e
configure:5339: result: /bin/grep
configure:5344: checking for egrep
configure:5406: result: /bin/grep -E
configure:5411: checking for fgrep
configure:5473: result: /bin/grep -F
configure:5508: checking for ld used by gcc
configure:5575: result: /usr/bin/ld
configure:5582: checking if the linker (/usr/bin/ld) is GNU ld
configure:5597: result: yes
configure:5609: checking for BSD- or MS-compatible name lister (nm)
configure:5658: result: /usr/bin/nm -B
configure:5788: checking the name lister (/usr/bin/nm -B) interface
configure:5795: gcc -c -g -O2  conftest.c >&5
configure:5798: /usr/bin/nm -B "conftest.o"
configure:5801: output
0000000000000000 B some_variable
configure:5808: result: BSD nm
configure:5811: checking whether ln -s works
configure:5815: result: yes
configure:5823: checking the maximum length of command line arguments
configure:5954: result: 1572864
configure:5971: checking whether the shell understands some XSI constructs
configure:5981: result: yes
configure:5985: checking whether the shell understands "+="
configure:5991: result: yes
configure:6026: checking how to convert x86_64-unknown-linux-gnu file names to x86_64-unknown-linux-gnu format
configure:6066: result: func_convert_file_noop
configure:6073: checking how to convert x86_64-unknown-linux-gnu file names to toolchain format
configure:6093: result: func_convert_file_noop
configure:6100: checking for /usr/bin/ld option to reload object files
configure:6107: result: -r
configure:6181: checking for objdump
configure:6197: found /usr/bin/objdump
configure:6208: result: objdump
configure:6240: checking how to recognize dependent libraries
configure:6438: result: pass_all
configure:6523: checking for dlltool
configure:6553: result: no
configure:6583: checking how to associate runtime and link libraries
configure:6610: result: printf %s\n
configure:6671: checking for ar
configure:6687: found /usr/bin/ar
configure:6698: result: ar
configure:6735: checking for archiver @FILE support
configure:6752: gcc -c -g -O2  conftest.c >&5
configure:6752: $? = 0
configure:6755: ar cru libconftest.a @conftest.lst >&5
configure:6758: $? = 0
configure:6763: ar cru libconftest.a @conftest.lst >&5
ar: conftest.o: No such file or directory
configure:6766: $? = 1
configure:6778: result: @
configure:6836: checking for strip
configure:6852: found /usr/bin/strip
configure:6863: result: strip
configure:6935: checking for ranlib
configure:6951: found /usr/bin/ranlib
configure:6962: result: ranlib
configure:7064: checking command to parse /usr/bin/nm -B output from gcc object
configure:7184: gcc -c -g -O2  conftest.c >&5
configure:7187: $? = 0
configure:7191: /usr/bin/nm -B conftest.o \| sed -n -e 's/^.*[ ]\([ABCDGIRSTW][ABCDGIRSTW]*\)[ ][ ]*\([_A-Za-z][_A-Za-z0-9]*\)$/\1 \2 \2/p' | sed '/ __gnu_lto/d' \> conftest.nm
configure:7194: $? = 0
configure:7260: gcc -o conftest -g -O2   conftest.c conftstm.o >&5
configure:7263: $? = 0
configure:7301: result: ok
configure:7338: checking for sysroot
configure:7368: result: no
configure:7445: gcc -c -g -O2  conftest.c >&5
configure:7448: $? = 0
configure:7637: checking for mt
configure:7653: found /bin/mt
configure:7664: result: mt
configure:7687: checking if mt is a manifest tool
configure:7693: mt '-?'
configure:7701: result: no
configure:8343: checking how to run the C preprocessor
configure:8374: gcc -E  conftest.c
configure:8374: $? = 0
configure:8388: gcc -E  conftest.c
conftest.c:15:28: fatal error: ac_nonexistent.h: No such file or directory
 #include <ac_nonexistent.h>
                            ^
compilation terminated.
configure:8388: $? = 1
configure: failed program was:
| /* confdefs.h */
| #define PACKAGE_NAME "tesseract"
| #define PACKAGE_TARNAME "tesseract"
| #define PACKAGE_VERSION "3.04"
| #define PACKAGE_STRING "tesseract 3.04"
| #define PACKAGE_BUGREPORT "http://code.google.com/p/tesseract-ocr/issues/list"
| #define PACKAGE_URL ""
| #define PACKAGE_NAME "tesseract"
| #define PACKAGE_VERSION "3.04"
| #define PACKAGE_YEAR "2014"
| #define PACKAGE_DATE "08/13"
| #define PACKAGE "tesseract"
| #define VERSION "3.04"
| /* end confdefs.h.  */
| #include <ac_nonexistent.h>
configure:8413: result: gcc -E
configure:8433: gcc -E  conftest.c
configure:8433: $? = 0
configure:8447: gcc -E  conftest.c
conftest.c:15:28: fatal error: ac_nonexistent.h: No such file or directory
 #include <ac_nonexistent.h>
                            ^
compilation terminated.
configure:8447: $? = 1
configure: failed program was:
| /* confdefs.h */
| #define PACKAGE_NAME "tesseract"
| #define PACKAGE_TARNAME "tesseract"
| #define PACKAGE_VERSION "3.04"
| #define PACKAGE_STRING "tesseract 3.04"
| #define PACKAGE_BUGREPORT "http://code.google.com/p/tesseract-ocr/issues/list"
| #define PACKAGE_URL ""
| #define PACKAGE_NAME "tesseract"
| #define PACKAGE_VERSION "3.04"
| #define PACKAGE_YEAR "2014"
| #define PACKAGE_DATE "08/13"
| #define PACKAGE "tesseract"
| #define VERSION "3.04"
| /* end confdefs.h.  */
| #include <ac_nonexistent.h>
configure:8476: checking for ANSI C header files
configure:8496: gcc -c -g -O2  conftest.c >&5
configure:8496: $? = 0
configure:8569: gcc -o conftest -g -O2   conftest.c  >&5
configure:8569: $? = 0
configure:8569: ./conftest
configure:8569: $? = 0
configure:8580: result: yes
configure:8593: checking for sys/types.h
configure:8593: gcc -c -g -O2  conftest.c >&5
configure:8593: $? = 0
configure:8593: result: yes
configure:8593: checking for sys/stat.h
configure:8593: gcc -c -g -O2  conftest.c >&5
configure:8593: $? = 0
configure:8593: result: yes
configure:8593: checking for stdlib.h
configure:8593: gcc -c -g -O2  conftest.c >&5
configure:8593: $? = 0
configure:8593: result: yes
configure:8593: checking for string.h
configure:8593: gcc -c -g -O2  conftest.c >&5
configure:8593: $? = 0
configure:8593: result: yes
configure:8593: checking for memory.h
configure:8593: gcc -c -g -O2  conftest.c >&5
configure:8593: $? = 0
configure:8593: result: yes
configure:8593: checking for strings.h
configure:8593: gcc -c -g -O2  conftest.c >&5
configure:8593: $? = 0
configure:8593: result: yes
configure:8593: checking for inttypes.h
configure:8593: gcc -c -g -O2  conftest.c >&5
configure:8593: $? = 0
configure:8593: result: yes
configure:8593: checking for stdint.h
configure:8593: gcc -c -g -O2  conftest.c >&5
configure:8593: $? = 0
configure:8593: result: yes
configure:8593: checking for unistd.h
configure:8593: gcc -c -g -O2  conftest.c >&5
configure:8593: $? = 0
configure:8593: result: yes
configure:8607: checking for dlfcn.h
configure:8607: gcc -c -g -O2  conftest.c >&5
configure:8607: $? = 0
configure:8607: result: yes
configure:8824: checking for objdir
configure:8839: result: .libs
configure:9106: checking if gcc supports -fno-rtti -fno-exceptions
configure:9124: gcc -c -g -O2  -fno-rtti -fno-exceptions conftest.c >&5
cc1: warning: command line option '-fno-rtti' is valid for C++/ObjC++ but not for C [enabled by default]
configure:9128: $? = 0
configure:9141: result: no
configure:9468: checking for gcc option to produce PIC
configure:9475: result: -fPIC -DPIC
configure:9483: checking if gcc PIC flag -fPIC -DPIC works
configure:9501: gcc -c -g -O2  -fPIC -DPIC -DPIC conftest.c >&5
configure:9505: $? = 0
configure:9518: result: yes
configure:9547: checking if gcc static flag -static works
configure:9575: result: yes
configure:9590: checking if gcc supports -c -o file.o
configure:9611: gcc -c -g -O2  -o out/conftest2.o conftest.c >&5
configure:9615: $? = 0
configure:9637: result: yes
configure:9645: checking if gcc supports -c -o file.o
configure:9692: result: yes
configure:9725: checking whether the gcc linker (/usr/bin/ld -m elf_x86_64) supports shared libraries
configure:10882: result: yes
configure:10919: checking whether -lc should be explicitly linked in
configure:10927: gcc -c -g -O2  conftest.c >&5
configure:10930: $? = 0
configure:10945: gcc -shared  -fPIC -DPIC conftest.o  -v -Wl,-soname -Wl,conftest -o conftest 2\>\&1 \| /bin/grep  -lc  \>/dev/null 2\>\&1
configure:10948: $? = 0
configure:10962: result: no
configure:11122: checking dynamic linker characteristics
configure:11622: gcc -o conftest -g -O2   -Wl,-rpath -Wl,/foo conftest.c  >&5
configure:11622: $? = 0
configure:11856: result: GNU/Linux ld.so
configure:11963: checking how to hardcode library paths into programs
configure:11988: result: immediate
configure:12528: checking whether stripping libraries is possible
configure:12533: result: yes
configure:12568: checking if libtool supports shared libraries
configure:12570: result: yes
configure:12573: checking whether to build shared libraries
configure:12594: result: yes
configure:12597: checking whether to build static libraries
configure:12601: result: yes
configure:12624: checking how to run the C++ preprocessor
configure:12651: g++ -E  conftest.cpp
configure:12651: $? = 0
configure:12665: g++ -E  conftest.cpp
conftest.cpp:27:28: fatal error: ac_nonexistent.h: No such file or directory
 #include <ac_nonexistent.h>
                            ^
compilation terminated.
configure:12665: $? = 1
configure: failed program was:
| /* confdefs.h */
| #define PACKAGE_NAME "tesseract"
| #define PACKAGE_TARNAME "tesseract"
| #define PACKAGE_VERSION "3.04"
| #define PACKAGE_STRING "tesseract 3.04"
| #define PACKAGE_BUGREPORT "http://code.google.com/p/tesseract-ocr/issues/list"
| #define PACKAGE_URL ""
| #define PACKAGE_NAME "tesseract"
| #define PACKAGE_VERSION "3.04"
| #define PACKAGE_YEAR "2014"
| #define PACKAGE_DATE "08/13"
| #define PACKAGE "tesseract"
| #define VERSION "3.04"
| #define STDC_HEADERS 1
| #define HAVE_SYS_TYPES_H 1
| #define HAVE_SYS_STAT_H 1
| #define HAVE_STDLIB_H 1
| #define HAVE_STRING_H 1
| #define HAVE_MEMORY_H 1
| #define HAVE_STRINGS_H 1
| #define HAVE_INTTYPES_H 1
| #define HAVE_STDINT_H 1
| #define HAVE_UNISTD_H 1
| #define HAVE_DLFCN_H 1
| #define LT_OBJDIR ".libs/"
| /* end confdefs.h.  */
| #include <ac_nonexistent.h>
configure:12690: result: g++ -E
configure:12710: g++ -E  conftest.cpp
configure:12710: $? = 0
configure:12724: g++ -E  conftest.cpp
conftest.cpp:27:28: fatal error: ac_nonexistent.h: No such file or directory
 #include <ac_nonexistent.h>
                            ^
compilation terminated.
configure:12724: $? = 1
configure: failed program was:
| /* confdefs.h */
| #define PACKAGE_NAME "tesseract"
| #define PACKAGE_TARNAME "tesseract"
| #define PACKAGE_VERSION "3.04"
| #define PACKAGE_STRING "tesseract 3.04"
| #define PACKAGE_BUGREPORT "http://code.google.com/p/tesseract-ocr/issues/list"
| #define PACKAGE_URL ""
| #define PACKAGE_NAME "tesseract"
| #define PACKAGE_VERSION "3.04"
| #define PACKAGE_YEAR "2014"
| #define PACKAGE_DATE "08/13"
| #define PACKAGE "tesseract"
| #define VERSION "3.04"
| #define STDC_HEADERS 1
| #define HAVE_SYS_TYPES_H 1
| #define HAVE_SYS_STAT_H 1
| #define HAVE_STDLIB_H 1
| #define HAVE_STRING_H 1
| #define HAVE_MEMORY_H 1
| #define HAVE_STRINGS_H 1
| #define HAVE_INTTYPES_H 1
| #define HAVE_STDINT_H 1
| #define HAVE_UNISTD_H 1
| #define HAVE_DLFCN_H 1
| #define LT_OBJDIR ".libs/"
| /* end confdefs.h.  */
| #include <ac_nonexistent.h>
configure:12893: checking for ld used by g++
configure:12960: result: /usr/bin/ld -m elf_x86_64
configure:12967: checking if the linker (/usr/bin/ld -m elf_x86_64) is GNU ld
configure:12982: result: yes
configure:13037: checking whether the g++ linker (/usr/bin/ld -m elf_x86_64) supports shared libraries
configure:14039: result: yes
configure:14075: g++ -c   conftest.cpp >&5
configure:14078: $? = 0
configure:14598: checking for g++ option to produce PIC
configure:14605: result: -fPIC -DPIC
configure:14613: checking if g++ PIC flag -fPIC -DPIC works
configure:14631: g++ -c   -fPIC -DPIC -DPIC conftest.cpp >&5
configure:14635: $? = 0
configure:14648: result: yes
configure:14671: checking if g++ static flag -static works
configure:14699: result: yes
configure:14711: checking if g++ supports -c -o file.o
configure:14732: g++ -c   -o out/conftest2.o conftest.cpp >&5
configure:14736: $? = 0
configure:14758: result: yes
configure:14763: checking if g++ supports -c -o file.o
configure:14810: result: yes
configure:14840: checking whether the g++ linker (/usr/bin/ld -m elf_x86_64) supports shared libraries
configure:14879: result: yes
configure:15020: checking dynamic linker characteristics
configure:15688: result: GNU/Linux ld.so
configure:15741: checking how to hardcode library paths into programs
configure:15766: result: immediate
configure:15835: checking whether byte ordering is bigendian
configure:15850: gcc -c -g -O2  conftest.c >&5
conftest.c:28:9: error: unknown type name 'not'
         not a universal capable compiler
         ^
conftest.c:28:15: error: expected '=', ',', ';', 'asm' or '__attribute__' before 'universal'
         not a universal capable compiler
               ^
conftest.c:28:15: error: unknown type name 'universal'
configure:15850: $? = 1
configure: failed program was:
| /* confdefs.h */
| #define PACKAGE_NAME "tesseract"
| #define PACKAGE_TARNAME "tesseract"
| #define PACKAGE_VERSION "3.04"
| #define PACKAGE_STRING "tesseract 3.04"
| #define PACKAGE_BUGREPORT "http://code.google.com/p/tesseract-ocr/issues/list"
| #define PACKAGE_URL ""
| #define PACKAGE_NAME "tesseract"
| #define PACKAGE_VERSION "3.04"
| #define PACKAGE_YEAR "2014"
| #define PACKAGE_DATE "08/13"
| #define PACKAGE "tesseract"
| #define VERSION "3.04"
| #define STDC_HEADERS 1
| #define HAVE_SYS_TYPES_H 1
| #define HAVE_SYS_STAT_H 1
| #define HAVE_STDLIB_H 1
| #define HAVE_STRING_H 1
| #define HAVE_MEMORY_H 1
| #define HAVE_STRINGS_H 1
| #define HAVE_INTTYPES_H 1
| #define HAVE_STDINT_H 1
| #define HAVE_UNISTD_H 1
| #define HAVE_DLFCN_H 1
| #define LT_OBJDIR ".libs/"
| /* end confdefs.h.  */
| #ifndef __APPLE_CC__
| 	       not a universal capable compiler
| 	     #endif
| 	     typedef int dummy;
| 
configure:15895: gcc -c -g -O2  conftest.c >&5
configure:15895: $? = 0
configure:15913: gcc -c -g -O2  conftest.c >&5
conftest.c: In function 'main':
conftest.c:34:4: error: unknown type name 'not'
    not big endian
    ^
conftest.c:34:12: error: expected '=', ',', ';', 'asm' or '__attribute__' before 'endian'
    not big endian
            ^
configure:15913: $? = 1
configure: failed program was:
| /* confdefs.h */
| #define PACKAGE_NAME "tesseract"
| #define PACKAGE_TARNAME "tesseract"
| #define PACKAGE_VERSION "3.04"
| #define PACKAGE_STRING "tesseract 3.04"
| #define PACKAGE_BUGREPORT "http://code.google.com/p/tesseract-ocr/issues/list"
| #define PACKAGE_URL ""
| #define PACKAGE_NAME "tesseract"
| #define PACKAGE_VERSION "3.04"
| #define PACKAGE_YEAR "2014"
| #define PACKAGE_DATE "08/13"
| #define PACKAGE "tesseract"
| #define VERSION "3.04"
| #define STDC_HEADERS 1
| #define HAVE_SYS_TYPES_H 1
| #define HAVE_SYS_STAT_H 1
| #define HAVE_STDLIB_H 1
| #define HAVE_STRING_H 1
| #define HAVE_MEMORY_H 1
| #define HAVE_STRINGS_H 1
| #define HAVE_INTTYPES_H 1
| #define HAVE_STDINT_H 1
| #define HAVE_UNISTD_H 1
| #define HAVE_DLFCN_H 1
| #define LT_OBJDIR ".libs/"
| /* end confdefs.h.  */
| #include <sys/types.h>
| 		#include <sys/param.h>
| 
| int
| main ()
| {
| #if BYTE_ORDER != BIG_ENDIAN
| 		 not big endian
| 		#endif
| 
|   ;
|   return 0;
| }
configure:16041: result: no
configure:16081: checking if compiling with clang
configure:16098: g++ -c   conftest.cpp >&5
conftest.cpp: In function 'int main()':
conftest.cpp:33:12: error: 'clang' was not declared in this scope
        not clang
            ^
configure:16098: $? = 1
configure: failed program was:
| /* confdefs.h */
| #define PACKAGE_NAME "tesseract"
| #define PACKAGE_TARNAME "tesseract"
| #define PACKAGE_VERSION "3.04"
| #define PACKAGE_STRING "tesseract 3.04"
| #define PACKAGE_BUGREPORT "http://code.google.com/p/tesseract-ocr/issues/list"
| #define PACKAGE_URL ""
| #define PACKAGE_NAME "tesseract"
| #define PACKAGE_VERSION "3.04"
| #define PACKAGE_YEAR "2014"
| #define PACKAGE_DATE "08/13"
| #define PACKAGE "tesseract"
| #define VERSION "3.04"
| #define STDC_HEADERS 1
| #define HAVE_SYS_TYPES_H 1
| #define HAVE_SYS_STAT_H 1
| #define HAVE_STDLIB_H 1
| #define HAVE_STRING_H 1
| #define HAVE_MEMORY_H 1
| #define HAVE_STRINGS_H 1
| #define HAVE_INTTYPES_H 1
| #define HAVE_STDINT_H 1
| #define HAVE_UNISTD_H 1
| #define HAVE_DLFCN_H 1
| #define LT_OBJDIR ".libs/"
| /* end confdefs.h.  */
| 
| int
| main ()
| {
| 
| #ifndef __clang__
|        not clang
| #endif
| 
|   ;
|   return 0;
| }
configure:16105: result: no
configure:16110: checking whether compiler supports C++11
configure:16124: g++ -c  -std=c++11  conftest.cpp >&5
configure:16124: $? = 0
configure:16126: result: yes
configure:16140: checking for snprintf
configure:16140: g++ -o conftest  -std=c++11   conftest.cpp  >&5
configure:16140: $? = 0
configure:16140: result: yes
configure:16157: checking for library containing sem_init
configure:16188: g++ -o conftest    conftest.cpp  >&5
/tmp/ccShjW3g.o: In function `main':
conftest.cpp:(.text+0x5): undefined reference to `sem_init'
collect2: error: ld returned 1 exit status
configure:16188: $? = 1
configure: failed program was:
| /* confdefs.h */
| #define PACKAGE_NAME "tesseract"
| #define PACKAGE_TARNAME "tesseract"
| #define PACKAGE_VERSION "3.04"
| #define PACKAGE_STRING "tesseract 3.04"
| #define PACKAGE_BUGREPORT "http://code.google.com/p/tesseract-ocr/issues/list"
| #define PACKAGE_URL ""
| #define PACKAGE_NAME "tesseract"
| #define PACKAGE_VERSION "3.04"
| #define PACKAGE_YEAR "2014"
| #define PACKAGE_DATE "08/13"
| #define PACKAGE "tesseract"
| #define VERSION "3.04"
| #define STDC_HEADERS 1
| #define HAVE_SYS_TYPES_H 1
| #define HAVE_SYS_STAT_H 1
| #define HAVE_STDLIB_H 1
| #define HAVE_STRING_H 1
| #define HAVE_MEMORY_H 1
| #define HAVE_STRINGS_H 1
| #define HAVE_INTTYPES_H 1
| #define HAVE_STDINT_H 1
| #define HAVE_UNISTD_H 1
| #define HAVE_DLFCN_H 1
| #define LT_OBJDIR ".libs/"
| #define HAVE_SNPRINTF 1
| /* end confdefs.h.  */
| 
| /* Override any GCC internal prototype to avoid an error.
|    Use char because int might match the return type of a GCC
|    builtin and then its argument prototype would still apply.  */
| #ifdef __cplusplus
| extern "C"
| #endif
| char sem_init ();
| int
| main ()
| {
| return sem_init ();
|   ;
|   return 0;
| }
configure:16188: g++ -o conftest    conftest.cpp -lpthread   >&5
configure:16188: $? = 0
configure:16205: result: -lpthread
configure:16220: checking for ANSI C header files
configure:16324: result: yes
configure:16332: checking whether time.h and sys/time.h may both be included
configure:16352: g++ -c   conftest.cpp >&5
configure:16352: $? = 0
configure:16359: result: yes
configure:16367: checking for sys/wait.h that is POSIX.1 compatible
configure:16393: g++ -c   conftest.cpp >&5
configure:16393: $? = 0
configure:16400: result: yes
configure:16411: checking sys/ipc.h usability
configure:16411: g++ -c   conftest.cpp >&5
configure:16411: $? = 0
configure:16411: result: yes
configure:16411: checking sys/ipc.h presence
configure:16411: g++ -E  conftest.cpp
configure:16411: $? = 0
configure:16411: result: yes
configure:16411: checking for sys/ipc.h
configure:16411: result: yes
configure:16411: checking sys/shm.h usability
configure:16411: g++ -c   conftest.cpp >&5
configure:16411: $? = 0
configure:16411: result: yes
configure:16411: checking sys/shm.h presence
configure:16411: g++ -E  conftest.cpp
configure:16411: $? = 0
configure:16411: result: yes
configure:16411: checking for sys/shm.h
configure:16411: result: yes
configure:16424: checking limits.h usability
configure:16424: g++ -c   conftest.cpp >&5
configure:16424: $? = 0
configure:16424: result: yes
configure:16424: checking limits.h presence
configure:16424: g++ -E  conftest.cpp
configure:16424: $? = 0
configure:16424: result: yes
configure:16424: checking for limits.h
configure:16424: result: yes
configure:16424: checking malloc.h usability
configure:16424: g++ -c   conftest.cpp >&5
configure:16424: $? = 0
configure:16424: result: yes
configure:16424: checking malloc.h presence
configure:16424: g++ -E  conftest.cpp
configure:16424: $? = 0
configure:16424: result: yes
configure:16424: checking for malloc.h
configure:16424: result: yes
configure:16435: checking for stdbool.h that conforms to C99
configure:16502: g++ -c   conftest.cpp >&5
configure:16502: $? = 0
configure:16509: result: yes
configure:16511: checking for _Bool
configure:16511: g++ -c   conftest.cpp >&5
conftest.cpp: In function 'int main()':
conftest.cpp:71:13: error: '_Bool' was not declared in this scope
 if (sizeof (_Bool))
             ^
configure:16511: $? = 1
configure: failed program was:
| /* confdefs.h */
| #define PACKAGE_NAME "tesseract"
| #define PACKAGE_TARNAME "tesseract"
| #define PACKAGE_VERSION "3.04"
| #define PACKAGE_STRING "tesseract 3.04"
| #define PACKAGE_BUGREPORT "http://code.google.com/p/tesseract-ocr/issues/list"
| #define PACKAGE_URL ""
| #define PACKAGE_NAME "tesseract"
| #define PACKAGE_VERSION "3.04"
| #define PACKAGE_YEAR "2014"
| #define PACKAGE_DATE "08/13"
| #define PACKAGE "tesseract"
| #define VERSION "3.04"
| #define STDC_HEADERS 1
| #define HAVE_SYS_TYPES_H 1
| #define HAVE_SYS_STAT_H 1
| #define HAVE_STDLIB_H 1
| #define HAVE_STRING_H 1
| #define HAVE_MEMORY_H 1
| #define HAVE_STRINGS_H 1
| #define HAVE_INTTYPES_H 1
| #define HAVE_STDINT_H 1
| #define HAVE_UNISTD_H 1
| #define HAVE_DLFCN_H 1
| #define LT_OBJDIR ".libs/"
| #define HAVE_SNPRINTF 1
| #define STDC_HEADERS 1
| #define TIME_WITH_SYS_TIME 1
| #define HAVE_SYS_WAIT_H 1
| #define HAVE_SYS_IPC_H 1
| #define HAVE_SYS_SHM_H 1
| #define HAVE_LIMITS_H 1
| #define HAVE_MALLOC_H 1
| /* end confdefs.h.  */
| #include <stdio.h>
| #ifdef HAVE_SYS_TYPES_H
| # include <sys/types.h>
| #endif
| #ifdef HAVE_SYS_STAT_H
| # include <sys/stat.h>
| #endif
| #ifdef STDC_HEADERS
| # include <stdlib.h>
| # include <stddef.h>
| #else
| # ifdef HAVE_STDLIB_H
| #  include <stdlib.h>
| # endif
| #endif
| #ifdef HAVE_STRING_H
| # if !defined STDC_HEADERS && defined HAVE_MEMORY_H
| #  include <memory.h>
| # endif
| # include <string.h>
| #endif
| #ifdef HAVE_STRINGS_H
| # include <strings.h>
| #endif
| #ifdef HAVE_INTTYPES_H
| # include <inttypes.h>
| #endif
| #ifdef HAVE_STDINT_H
| # include <stdint.h>
| #endif
| #ifdef HAVE_UNISTD_H
| # include <unistd.h>
| #endif
| int
| main ()
| {
| if (sizeof (_Bool))
| 	 return 0;
|   ;
|   return 0;
| }
configure:16511: result: no
configure:16530: checking whether #! works in shell scripts
configure:16547: result: yes
configure:16558: checking for special C compiler options needed for large files
configure:16603: result: no
configure:16609: checking for _FILE_OFFSET_BITS value needed for large files
configure:16634: g++ -c   conftest.cpp >&5
configure:16634: $? = 0
configure:16666: result: no
configure:16754: checking for getline
configure:16754: g++ -o conftest    conftest.cpp -lpthread  >&5
configure:16754: $? = 0
configure:16754: result: yes
configure:16768: checking for wchar_t
configure:16768: g++ -c   conftest.cpp >&5
configure:16768: $? = 0
configure:16768: g++ -c   conftest.cpp >&5
conftest.cpp: In function 'int main()':
conftest.cpp:73:14: error: expected primary-expression before 'wchar_t'
 if (sizeof ((wchar_t)))
              ^
conftest.cpp:73:14: error: expected ')' before 'wchar_t'
conftest.cpp:74:14: error: expected ')' before ';' token
      return 0;
              ^
conftest.cpp:74:14: error: expected ')' before ';' token
configure:16768: $? = 1
configure: failed program was:
| /* confdefs.h */
| #define PACKAGE_NAME "tesseract"
| #define PACKAGE_TARNAME "tesseract"
| #define PACKAGE_VERSION "3.04"
| #define PACKAGE_STRING "tesseract 3.04"
| #define PACKAGE_BUGREPORT "http://code.google.com/p/tesseract-ocr/issues/list"
| #define PACKAGE_URL ""
| #define PACKAGE_NAME "tesseract"
| #define PACKAGE_VERSION "3.04"
| #define PACKAGE_YEAR "2014"
| #define PACKAGE_DATE "08/13"
| #define PACKAGE "tesseract"
| #define VERSION "3.04"
| #define STDC_HEADERS 1
| #define HAVE_SYS_TYPES_H 1
| #define HAVE_SYS_STAT_H 1
| #define HAVE_STDLIB_H 1
| #define HAVE_STRING_H 1
| #define HAVE_MEMORY_H 1
| #define HAVE_STRINGS_H 1
| #define HAVE_INTTYPES_H 1
| #define HAVE_STDINT_H 1
| #define HAVE_UNISTD_H 1
| #define HAVE_DLFCN_H 1
| #define LT_OBJDIR ".libs/"
| #define HAVE_SNPRINTF 1
| #define STDC_HEADERS 1
| #define TIME_WITH_SYS_TIME 1
| #define HAVE_SYS_WAIT_H 1
| #define HAVE_SYS_IPC_H 1
| #define HAVE_SYS_SHM_H 1
| #define HAVE_LIMITS_H 1
| #define HAVE_MALLOC_H 1
| #define HAVE_STDBOOL_H 1
| #define HAVE_GETLINE 1
| /* end confdefs.h.  */
| #include <stdio.h>
| #ifdef HAVE_SYS_TYPES_H
| # include <sys/types.h>
| #endif
| #ifdef HAVE_SYS_STAT_H
| # include <sys/stat.h>
| #endif
| #ifdef STDC_HEADERS
| # include <stdlib.h>
| # include <stddef.h>
| #else
| # ifdef HAVE_STDLIB_H
| #  include <stdlib.h>
| # endif
| #endif
| #ifdef HAVE_STRING_H
| # if !defined STDC_HEADERS && defined HAVE_MEMORY_H
| #  include <memory.h>
| # endif
| # include <string.h>
| #endif
| #ifdef HAVE_STRINGS_H
| # include <strings.h>
| #endif
| #ifdef HAVE_INTTYPES_H
| # include <inttypes.h>
| #endif
| #ifdef HAVE_STDINT_H
| # include <stdint.h>
| #endif
| #ifdef HAVE_UNISTD_H
| # include <unistd.h>
| #endif
| int
| main ()
| {
| if (sizeof ((wchar_t)))
| 	    return 0;
|   ;
|   return 0;
| }
configure:16768: result: yes
configure:16778: checking for long long int
configure:16778: g++ -c   conftest.cpp >&5
configure:16778: $? = 0
configure:16778: g++ -c   conftest.cpp >&5
conftest.cpp: In function 'int main()':
conftest.cpp:74:14: error: expected primary-expression before 'long'
 if (sizeof ((long long int)))
              ^
conftest.cpp:74:14: error: expected ')' before 'long'
conftest.cpp:75:14: error: expected ')' before ';' token
      return 0;
              ^
conftest.cpp:75:14: error: expected ')' before ';' token
configure:16778: $? = 1
configure: failed program was:
| /* confdefs.h */
| #define PACKAGE_NAME "tesseract"
| #define PACKAGE_TARNAME "tesseract"
| #define PACKAGE_VERSION "3.04"
| #define PACKAGE_STRING "tesseract 3.04"
| #define PACKAGE_BUGREPORT "http://code.google.com/p/tesseract-ocr/issues/list"
| #define PACKAGE_URL ""
| #define PACKAGE_NAME "tesseract"
| #define PACKAGE_VERSION "3.04"
| #define PACKAGE_YEAR "2014"
| #define PACKAGE_DATE "08/13"
| #define PACKAGE "tesseract"
| #define VERSION "3.04"
| #define STDC_HEADERS 1
| #define HAVE_SYS_TYPES_H 1
| #define HAVE_SYS_STAT_H 1
| #define HAVE_STDLIB_H 1
| #define HAVE_STRING_H 1
| #define HAVE_MEMORY_H 1
| #define HAVE_STRINGS_H 1
| #define HAVE_INTTYPES_H 1
| #define HAVE_STDINT_H 1
| #define HAVE_UNISTD_H 1
| #define HAVE_DLFCN_H 1
| #define LT_OBJDIR ".libs/"
| #define HAVE_SNPRINTF 1
| #define STDC_HEADERS 1
| #define TIME_WITH_SYS_TIME 1
| #define HAVE_SYS_WAIT_H 1
| #define HAVE_SYS_IPC_H 1
| #define HAVE_SYS_SHM_H 1
| #define HAVE_LIMITS_H 1
| #define HAVE_MALLOC_H 1
| #define HAVE_STDBOOL_H 1
| #define HAVE_GETLINE 1
| #define HAVE_WCHAR_T 1
| /* end confdefs.h.  */
| #include <stdio.h>
| #ifdef HAVE_SYS_TYPES_H
| # include <sys/types.h>
| #endif
| #ifdef HAVE_SYS_STAT_H
| # include <sys/stat.h>
| #endif
| #ifdef STDC_HEADERS
| # include <stdlib.h>
| # include <stddef.h>
| #else
| # ifdef HAVE_STDLIB_H
| #  include <stdlib.h>
| # endif
| #endif
| #ifdef HAVE_STRING_H
| # if !defined STDC_HEADERS && defined HAVE_MEMORY_H
| #  include <memory.h>
| # endif
| # include <string.h>
| #endif
| #ifdef HAVE_STRINGS_H
| # include <strings.h>
| #endif
| #ifdef HAVE_INTTYPES_H
| # include <inttypes.h>
| #endif
| #ifdef HAVE_STDINT_H
| # include <stdint.h>
| #endif
| #ifdef HAVE_UNISTD_H
| # include <unistd.h>
| #endif
| int
| main ()
| {
| if (sizeof ((long long int)))
| 	    return 0;
|   ;
|   return 0;
| }
configure:16778: result: yes
configure:16788: checking for mbstate_t
configure:16788: g++ -c   conftest.cpp >&5
configure:16788: $? = 0
configure:16788: g++ -c   conftest.cpp >&5
conftest.cpp: In function 'int main()':
conftest.cpp:44:23: error: expected primary-expression before ')' token
 if (sizeof ((mbstate_t)))
                       ^
configure:16788: $? = 1
configure: failed program was:
| /* confdefs.h */
| #define PACKAGE_NAME "tesseract"
| #define PACKAGE_TARNAME "tesseract"
| #define PACKAGE_VERSION "3.04"
| #define PACKAGE_STRING "tesseract 3.04"
| #define PACKAGE_BUGREPORT "http://code.google.com/p/tesseract-ocr/issues/list"
| #define PACKAGE_URL ""
| #define PACKAGE_NAME "tesseract"
| #define PACKAGE_VERSION "3.04"
| #define PACKAGE_YEAR "2014"
| #define PACKAGE_DATE "08/13"
| #define PACKAGE "tesseract"
| #define VERSION "3.04"
| #define STDC_HEADERS 1
| #define HAVE_SYS_TYPES_H 1
| #define HAVE_SYS_STAT_H 1
| #define HAVE_STDLIB_H 1
| #define HAVE_STRING_H 1
| #define HAVE_MEMORY_H 1
| #define HAVE_STRINGS_H 1
| #define HAVE_INTTYPES_H 1
| #define HAVE_STDINT_H 1
| #define HAVE_UNISTD_H 1
| #define HAVE_DLFCN_H 1
| #define LT_OBJDIR ".libs/"
| #define HAVE_SNPRINTF 1
| #define STDC_HEADERS 1
| #define TIME_WITH_SYS_TIME 1
| #define HAVE_SYS_WAIT_H 1
| #define HAVE_SYS_IPC_H 1
| #define HAVE_SYS_SHM_H 1
| #define HAVE_LIMITS_H 1
| #define HAVE_MALLOC_H 1
| #define HAVE_STDBOOL_H 1
| #define HAVE_GETLINE 1
| #define HAVE_WCHAR_T 1
| #define HAVE_LONG_LONG_INT 1
| /* end confdefs.h.  */
| #include "wchar.h"
| 
| int
| main ()
| {
| if (sizeof ((mbstate_t)))
| 	    return 0;
|   ;
|   return 0;
| }
configure:16788: result: yes
configure:16805: checking for leptonica
configure:16824: result: yes
configure:16826: checking for pixCreate in -llept
configure:16851: g++ -o conftest   -I/usr/local/include/leptonica -I/usr/include/leptonica  conftest.cpp -llept  -lpthread  >&5
configure:16851: $? = 0
configure:16860: result: yes
configure:16877: checking leptonica version >= 1.71
configure:16894: g++ -E  -I/usr/local/include/leptonica -I/usr/include/leptonica conftest.cpp
configure:16894: $? = 0
configure:16895: result: yes
configure:16909: checking unicode/uchar.h usability
configure:16909: g++ -c   -I/usr/local/include/leptonica -I/usr/include/leptonica conftest.cpp >&5
configure:16909: $? = 0
configure:16909: result: yes
configure:16909: checking unicode/uchar.h presence
configure:16909: g++ -E  -I/usr/local/include/leptonica -I/usr/include/leptonica conftest.cpp
configure:16909: $? = 0
configure:16909: result: yes
configure:16909: checking for unicode/uchar.h
configure:16909: result: yes
configure:16940: checking pango-1.0/pango/pango-features.h usability
configure:16940: g++ -c   -I/usr/local/include/leptonica -I/usr/include/leptonica conftest.cpp >&5
configure:16940: $? = 0
configure:16940: result: yes
configure:16940: checking pango-1.0/pango/pango-features.h presence
configure:16940: g++ -E  -I/usr/local/include/leptonica -I/usr/include/leptonica conftest.cpp
configure:16940: $? = 0
configure:16940: result: yes
configure:16940: checking for pango-1.0/pango/pango-features.h
configure:16940: result: yes
configure:16973: checking cairo/cairo-version.h usability
configure:16973: g++ -c   -I/usr/local/include/leptonica -I/usr/include/leptonica -pthread -I/usr/include/pango-1.0 -I/usr/include/glib-2.0 -I/usr/lib/x86_64-linux-gnu/glib-2.0/include   conftest.cpp >&5
configure:16973: $? = 0
configure:16973: result: yes
configure:16973: checking cairo/cairo-version.h presence
configure:16973: g++ -E  -I/usr/local/include/leptonica -I/usr/include/leptonica -pthread -I/usr/include/pango-1.0 -I/usr/include/glib-2.0 -I/usr/lib/x86_64-linux-gnu/glib-2.0/include   conftest.cpp
configure:16973: $? = 0
configure:16973: result: yes
configure:16973: checking for cairo/cairo-version.h
configure:16973: result: yes
configure:17202: checking that generated files are newer than configure
configure:17208: result: done
configure:17320: creating ./config.status

## ---------------------- ##
## Running config.status. ##
## ---------------------- ##

This file was extended by tesseract config.status 3.04, which was
generated by GNU Autoconf 2.69.  Invocation command line was

  CONFIG_FILES    = 
  CONFIG_HEADERS  = 
  CONFIG_LINKS    = 
  CONFIG_COMMANDS = 
  $ ./config.status 

on mylappy

config.status:1228: creating Makefile
config.status:1228: creating tesseract.pc
config.status:1228: creating api/Makefile
config.status:1228: creating ccmain/Makefile
config.status:1228: creating opencl/Makefile
config.status:1228: creating ccstruct/Makefile
config.status:1228: creating ccutil/Makefile
config.status:1228: creating classify/Makefile
config.status:1228: creating cube/Makefile
config.status:1228: creating cutil/Makefile
config.status:1228: creating dict/Makefile
config.status:1228: creating neural_networks/runtime/Makefile
config.status:1228: creating textord/Makefile
config.status:1228: creating viewer/Makefile
config.status:1228: creating wordrec/Makefile
config.status:1228: creating tessdata/Makefile
config.status:1228: creating tessdata/configs/Makefile
config.status:1228: creating tessdata/tessconfigs/Makefile
config.status:1228: creating testing/Makefile
config.status:1228: creating java/Makefile
config.status:1228: creating java/com/Makefile
config.status:1228: creating java/com/google/Makefile
config.status:1228: creating java/com/google/scrollview/Makefile
config.status:1228: creating java/com/google/scrollview/events/Makefile
config.status:1228: creating java/com/google/scrollview/ui/Makefile
config.status:1228: creating doc/Makefile
config.status:1228: creating training/Makefile
config.status:1228: creating config_auto.h
config.status:1457: executing depfiles commands
config.status:1457: executing libtool commands

## ---------------- ##
## Cache variables. ##
## ---------------- ##

ac_cv_build=x86_64-unknown-linux-gnu
ac_cv_c_bigendian=no
ac_cv_c_compiler_gnu=yes
ac_cv_cxx_compiler_gnu=yes
ac_cv_env_CCC_set=
ac_cv_env_CCC_value=
ac_cv_env_CC_set=
ac_cv_env_CC_value=
ac_cv_env_CFLAGS_set=
ac_cv_env_CFLAGS_value=
ac_cv_env_CPPFLAGS_set=
ac_cv_env_CPPFLAGS_value=
ac_cv_env_CPP_set=
ac_cv_env_CPP_value=
ac_cv_env_CXXCPP_set=
ac_cv_env_CXXCPP_value=
ac_cv_env_CXXFLAGS_set=
ac_cv_env_CXXFLAGS_value=
ac_cv_env_CXX_set=
ac_cv_env_CXX_value=
ac_cv_env_LDFLAGS_set=
ac_cv_env_LDFLAGS_value=
ac_cv_env_LIBLEPT_HEADERSDIR_set=
ac_cv_env_LIBLEPT_HEADERSDIR_value=
ac_cv_env_LIBS_set=
ac_cv_env_LIBS_value=
ac_cv_env_build_alias_set=
ac_cv_env_build_alias_value=
ac_cv_env_host_alias_set=
ac_cv_env_host_alias_value=
ac_cv_env_target_alias_set=
ac_cv_env_target_alias_value=
ac_cv_func_getline=yes
ac_cv_func_snprintf=yes
ac_cv_header_cairo_cairo_version_h=yes
ac_cv_header_dlfcn_h=yes
ac_cv_header_inttypes_h=yes
ac_cv_header_limits_h=yes
ac_cv_header_malloc_h=yes
ac_cv_header_memory_h=yes
ac_cv_header_pango_1_0_pango_pango_features_h=yes
ac_cv_header_stdbool_h=yes
ac_cv_header_stdc=yes
ac_cv_header_stdint_h=yes
ac_cv_header_stdlib_h=yes
ac_cv_header_string_h=yes
ac_cv_header_strings_h=yes
ac_cv_header_sys_ipc_h=yes
ac_cv_header_sys_shm_h=yes
ac_cv_header_sys_stat_h=yes
ac_cv_header_sys_types_h=yes
ac_cv_header_sys_wait_h=yes
ac_cv_header_time=yes
ac_cv_header_unicode_uchar_h=yes
ac_cv_header_unistd_h=yes
ac_cv_host=x86_64-unknown-linux-gnu
ac_cv_lib_lept_pixCreate=yes
ac_cv_objext=o
ac_cv_path_EGREP='/bin/grep -E'
ac_cv_path_FGREP='/bin/grep -F'
ac_cv_path_GREP=/bin/grep
ac_cv_path_SED=/bin/sed
ac_cv_path_install='/usr/bin/install -c'
ac_cv_path_mkdir=/bin/mkdir
ac_cv_prog_AWK=mawk
ac_cv_prog_CPP='gcc -E'
ac_cv_prog_CXXCPP='g++ -E'
ac_cv_prog_ac_ct_AR=ar
ac_cv_prog_ac_ct_CC=gcc
ac_cv_prog_ac_ct_CXX=g++
ac_cv_prog_ac_ct_MANIFEST_TOOL=mt
ac_cv_prog_ac_ct_OBJDUMP=objdump
ac_cv_prog_ac_ct_RANLIB=ranlib
ac_cv_prog_ac_ct_STRIP=strip
ac_cv_prog_cc_c89=
ac_cv_prog_cc_g=yes
ac_cv_prog_cxx_g=yes
ac_cv_prog_make_make_set=yes
ac_cv_search_sem_init=-lpthread
ac_cv_sys_file_offset_bits=no
ac_cv_sys_interpreter=yes
ac_cv_sys_largefile_CC=no
ac_cv_type__Bool=no
ac_cv_type_long_long_int=yes
ac_cv_type_mbstate_t=yes
ac_cv_type_wchar_t=yes
am_cv_CC_dependencies_compiler_type=gcc3
am_cv_CXX_dependencies_compiler_type=gcc3
am_cv_make_support_nested_variables=yes
am_cv_prog_cc_c_o=yes
lt_cv_ar_at_file=@
lt_cv_archive_cmds_need_lc=no
lt_cv_deplibs_check_method=pass_all
lt_cv_file_magic_cmd='$MAGIC_CMD'
lt_cv_file_magic_test_file=
lt_cv_ld_reload_flag=-r
lt_cv_nm_interface='BSD nm'
lt_cv_objdir=.libs
lt_cv_path_LD=/usr/bin/ld
lt_cv_path_LDCXX='/usr/bin/ld -m elf_x86_64'
lt_cv_path_NM='/usr/bin/nm -B'
lt_cv_path_mainfest_tool=no
lt_cv_prog_compiler_c_o=yes
lt_cv_prog_compiler_c_o_CXX=yes
lt_cv_prog_compiler_pic='-fPIC -DPIC'
lt_cv_prog_compiler_pic_CXX='-fPIC -DPIC'
lt_cv_prog_compiler_pic_works=yes
lt_cv_prog_compiler_pic_works_CXX=yes
lt_cv_prog_compiler_rtti_exceptions=no
lt_cv_prog_compiler_static_works=yes
lt_cv_prog_compiler_static_works_CXX=yes
lt_cv_prog_gnu_ld=yes
lt_cv_prog_gnu_ldcxx=yes
lt_cv_sharedlib_from_linklib_cmd='printf %s\n'
lt_cv_shlibpath_overrides_runpath=no
lt_cv_sys_global_symbol_pipe='sed -n -e '\''s/^.*[	 ]\([ABCDGIRSTW][ABCDGIRSTW]*\)[	 ][	 ]*\([_A-Za-z][_A-Za-z0-9]*\)$/\1 \2 \2/p'\'' | sed '\''/ __gnu_lto/d'\'''
lt_cv_sys_global_symbol_to_c_name_address='sed -n -e '\''s/^: \([^ ]*\)[ ]*$/  {\"\1\", (void *) 0},/p'\'' -e '\''s/^[ABCDGIRSTW]* \([^ ]*\) \([^ ]*\)$/  {"\2", (void *) \&\2},/p'\'''
lt_cv_sys_global_symbol_to_c_name_address_lib_prefix='sed -n -e '\''s/^: \([^ ]*\)[ ]*$/  {\"\1\", (void *) 0},/p'\'' -e '\''s/^[ABCDGIRSTW]* \([^ ]*\) \(lib[^ ]*\)$/  {"\2", (void *) \&\2},/p'\'' -e '\''s/^[ABCDGIRSTW]* \([^ ]*\) \([^ ]*\)$/  {"lib\2", (void *) \&\2},/p'\'''
lt_cv_sys_global_symbol_to_cdecl='sed -n -e '\''s/^T .* \(.*\)$/extern int \1();/p'\'' -e '\''s/^[ABCDGIRSTW]* .* \(.*\)$/extern char \1;/p'\'''
lt_cv_sys_max_cmd_len=1572864
lt_cv_to_host_file_cmd=func_convert_file_noop
lt_cv_to_tool_file_cmd=func_convert_file_noop

## ----------------- ##
## Output variables. ##
## ----------------- ##

ACLOCAL='${SHELL} /home/sashank/Acads/RnD/gitTess/tesseract-ocr/config/missing aclocal-1.14'
ADD_RT_FALSE='#'
ADD_RT_TRUE=''
AMDEPBACKSLASH='\'
AMDEP_FALSE='#'
AMDEP_TRUE=''
AMTAR='$${TAR-tar}'
AM_BACKSLASH='\'
AM_CPPFLAGS=' -O2 -DNDEBUG'
AM_DEFAULT_V='$(AM_DEFAULT_VERBOSITY)'
AM_DEFAULT_VERBOSITY='1'
AM_LDFLAGS=''
AM_V='$(V)'
AR='ar'
AUTOCONF='${SHELL} /home/sashank/Acads/RnD/gitTess/tesseract-ocr/config/missing autoconf'
AUTOHEADER='${SHELL} /home/sashank/Acads/RnD/gitTess/tesseract-ocr/config/missing autoheader'
AUTOMAKE='${SHELL} /home/sashank/Acads/RnD/gitTess/tesseract-ocr/config/missing automake-1.14'
AWK='mawk'
CC='gcc'
CCDEPMODE='depmode=gcc3'
CFLAGS='-g -O2'
CPP='gcc -E'
CPPFLAGS=' -I/usr/local/include/leptonica -I/usr/include/leptonica -pthread -I/usr/include/pango-1.0 -I/usr/include/glib-2.0 -I/usr/lib/x86_64-linux-gnu/glib-2.0/include   -I/usr/include/cairo -I/usr/include/glib-2.0 -I/usr/lib/x86_64-linux-gnu/glib-2.0/include -I/usr/include/pixman-1 -I/usr/include/freetype2 -I/usr/include/libpng12  '
CXX='g++'
CXXCPP='g++ -E'
CXXDEPMODE='depmode=gcc3'
CXXFLAGS=' -std=c++11'
CYGPATH_W='echo'
DEFS='-DHAVE_CONFIG_H'
DEPDIR='.deps'
DLLTOOL='false'
DSYMUTIL=''
DUMPBIN=''
ECHO_C=''
ECHO_N='-n'
ECHO_T=''
EGREP='/bin/grep -E'
EMBEDDED_FALSE=''
EMBEDDED_TRUE='#'
ENABLE_TRAINING_FALSE='#'
ENABLE_TRAINING_TRUE=''
EXEEXT=''
FGREP='/bin/grep -F'
GENERIC_API_VERSION='3.4'
GENERIC_LIBRARY_NAME='tesseract'
GENERIC_LIBRARY_VERSION='3:4'
GENERIC_MAJOR_VERSION='3'
GENERIC_RELEASE='3.4'
GENERIC_VERSION='3.4.0'
GRAPHICS_DISABLED_FALSE=''
GRAPHICS_DISABLED_TRUE='#'
GREP='/bin/grep'
INSTALL_DATA='${INSTALL} -m 644'
INSTALL_PROGRAM='${INSTALL}'
INSTALL_SCRIPT='${INSTALL}'
INSTALL_STRIP_PROGRAM='$(install_sh) -c -s'
LD='/usr/bin/ld -m elf_x86_64'
LDFLAGS=''
LIBLEPT_HEADERSDIR='/usr/local/include /usr/include'
LIBOBJS=''
LIBS='-llept -lpthread '
LIBTOOL='$(SHELL) $(top_builddir)/libtool'
LIPO=''
LN_S='ln -s'
LTLIBOBJS=''
MAINT='#'
MAINTAINER_MODE_FALSE=''
MAINTAINER_MODE_TRUE='#'
MAKEINFO='${SHELL} /home/sashank/Acads/RnD/gitTess/tesseract-ocr/config/missing makeinfo'
MANIFEST_TOOL=':'
MKDIR_P='/bin/mkdir -p'
NM='/usr/bin/nm -B'
NMEDIT=''
NO_TESSDATA_PREFIX_FALSE=''
NO_TESSDATA_PREFIX_TRUE='#'
OBJDUMP='objdump'
OBJEXT='o'
OPENCL_HDR_PATH=''
OPENCL_LIB=''
OSX_FALSE=''
OSX_TRUE='#'
OTOOL64=''
OTOOL=''
PACKAGE='tesseract'
PACKAGE_BUGREPORT='http://code.google.com/p/tesseract-ocr/issues/list'
PACKAGE_DATE='08/13'
PACKAGE_NAME='tesseract'
PACKAGE_STRING='tesseract 3.04'
PACKAGE_TARNAME='tesseract'
PACKAGE_URL=''
PACKAGE_VERSION='3.04'
PACKAGE_YEAR='2014'
PATH_SEPARATOR=':'
RANLIB='ranlib'
SED='/bin/sed'
SET_MAKE=''
SHELL='/bin/bash'
STRIP='strip'
T_WIN_FALSE=''
T_WIN_TRUE='#'
USE_OPENCL_FALSE=''
USE_OPENCL_TRUE='#'
USING_MULTIPLELIBS_FALSE=''
USING_MULTIPLELIBS_TRUE='#'
VERSION='3.04'
VISIBILITY_FALSE=''
VISIBILITY_TRUE='#'
ac_ct_AR='ar'
ac_ct_CC='gcc'
ac_ct_CXX='g++'
ac_ct_DUMPBIN=''
am__EXEEXT_FALSE=''
am__EXEEXT_TRUE='#'
am__fastdepCC_FALSE='#'
am__fastdepCC_TRUE=''
am__fastdepCXX_FALSE='#'
am__fastdepCXX_TRUE=''
am__include='include'
am__isrc=''
am__leading_dot='.'
am__nodep='_no'
am__quote=''
am__tar='$${TAR-tar} chof - "$$tardir"'
am__untar='$${TAR-tar} xf -'
bindir='${exec_prefix}/bin'
build='x86_64-unknown-linux-gnu'
build_alias=''
build_cpu='x86_64'
build_os='linux-gnu'
build_vendor='unknown'
datadir='${datarootdir}'
datarootdir='${prefix}/share'
docdir='${datarootdir}/doc/${PACKAGE_TARNAME}'
dvidir='${docdir}'
exec_prefix='${prefix}'
host='x86_64-unknown-linux-gnu'
host_alias=''
host_cpu='x86_64'
host_os='linux-gnu'
host_vendor='unknown'
htmldir='${docdir}'
includedir='${prefix}/include/tesseract'
infodir='${datarootdir}/info'
install_sh='${SHELL} /home/sashank/Acads/RnD/gitTess/tesseract-ocr/config/install-sh'
libdir='${exec_prefix}/lib'
libexecdir='${exec_prefix}/libexec'
localedir='${datarootdir}/locale'
localstatedir='${prefix}/var'
mandir='${datarootdir}/man'
mkdir_p='$(MKDIR_P)'
oldincludedir='/usr/include'
pdfdir='${docdir}'
prefix='/usr/local'
program_transform_name='s,x,x,'
psdir='${docdir}'
sbindir='${exec_prefix}/sbin'
sharedstatedir='${prefix}/com'
sysconfdir='${prefix}/etc'
target_alias=''

## ----------- ##
## confdefs.h. ##
## ----------- ##

/* confdefs.h */
#define PACKAGE_NAME "tesseract"
#define PACKAGE_TARNAME "tesseract"
#define PACKAGE_VERSION "3.04"
#define PACKAGE_STRING "tesseract 3.04"
#define PACKAGE_BUGREPORT "http://code.google.com/p/tesseract-ocr/issues/list"
#define PACKAGE_URL ""
#define PACKAGE_NAME "tesseract"
#define PACKAGE_VERSION "3.04"
#define PACKAGE_YEAR "2014"
#define PACKAGE_DATE "08/13"
#define PACKAGE "tesseract"
#define VERSION "3.04"
#define STDC_HEADERS 1
#define HAVE_SYS_TYPES_H 1
#define HAVE_SYS_STAT_H 1
#define HAVE_STDLIB_H 1
#define HAVE_STRING_H 1
#define HAVE_MEMORY_H 1
#define HAVE_STRINGS_H 1
#define HAVE_INTTYPES_H 1
#define HAVE_STDINT_H 1
#define HAVE_UNISTD_H 1
#define HAVE_DLFCN_H 1
#define LT_OBJDIR ".libs/"
#define HAVE_SNPRINTF 1
#define STDC_HEADERS 1
#define TIME_WITH_SYS_TIME 1
#define HAVE_SYS_WAIT_H 1
#define HAVE_SYS_IPC_H 1
#define HAVE_SYS_SHM_H 1
#define HAVE_LIMITS_H 1
#define HAVE_MALLOC_H 1
#define HAVE_STDBOOL_H 1
#define HAVE_GETLINE 1
#define HAVE_WCHAR_T 1
#define HAVE_LONG_LONG_INT 1
#define HAVE_MBSTATE_T 1
#define HAVE_LIBLEPT 1
#define HAVE_UNICODE_UCHAR_H 1
#define HAVE_PANGO_1_0_PANGO_PANGO_FEATURES_H 1
#define HAVE_CAIRO_CAIRO_VERSION_H 1

configure: exit 0

## ---------------------- ##
## Running config.status. ##
## ---------------------- ##

This file was extended by tesseract config.status 3.04, which was
generated by GNU Autoconf 2.69.  Invocation command line was

  CONFIG_FILES    = 
  CONFIG_HEADERS  = 
  CONFIG_LINKS    = 
  CONFIG_COMMANDS = 
  $ ./config.status 

on mylappy

config.status:1228: creating Makefile
config.status:1228: creating tesseract.pc
config.status:1228: creating api/Makefile
config.status:1228: creating ccmain/Makefile
config.status:1228: creating opencl/Makefile
config.status:1228: creating ccstruct/Makefile
config.status:1228: creating ccutil/Makefile
config.status:1228: creating classify/Makefile
config.status:1228: creating cube/Makefile
config.status:1228: creating cutil/Makefile
config.status:1228: creating dict/Makefile
config.status:1228: creating neural_networks/runtime/Makefile
config.status:1228: creating textord/Makefile
config.status:1228: creating viewer/Makefile
config.status:1228: creating wordrec/Makefile
config.status:1228: creating tessdata/Makefile
config.status:1228: creating tessdata/configs/Makefile
config.status:1228: creating tessdata/tessconfigs/Makefile
config.status:1228: creating testing/Makefile
config.status:1228: creating java/Makefile
config.status:1228: creating java/com/Makefile
config.status:1228: creating java/com/google/Makefile
config.status:1228: creating java/com/google/scrollview/Makefile
config.status:1228: creating java/com/google/scrollview/events/Makefile
config.status:1228: creating java/com/google/scrollview/ui/Makefile
config.status:1228: creating doc/Makefile
config.status:1228: creating training/Makefile
config.status:1228: creating config_auto.h
config.status:1409: config_auto.h is unchanged
config.status:1457: executing depfiles commands
config.status:1457: executing libtool commands
